<?xml version="1.0" encoding="UTF-8"?>
<robot generator="Robot 3.2.2 (Python 3.9.7 on win32)" generated="20220305 12:17:07.822" rpa="false">
<suite id="s1" name="RF Project 2" source="C:\Users\nachi\Documents\Workspace_RF\RF_Project_2">
<suite id="s1-s1" name="Test Suite" source="C:\Users\nachi\Documents\Workspace_RF\RF_Project_2\Test_Suite">
<suite id="s1-s1-s1" name="PHPTravel" source="C:\Users\nachi\Documents\Workspace_RF\RF_Project_2\Test_Suite\PHPTravel.robot">
<test id="s1-s1-s1-t1" name="TC_001_LogIn to Application">
<kw name="Application Login" library="PHP_Keywords">
<kw name="Open Browser" library="SeleniumLibrary">
<doc>Opens a new browser instance to the optional ``url``.</doc>
<arguments>
<arg>${PHP_URL}</arg>
<arg>chrome</arg>
</arguments>
<msg timestamp="20220305 12:17:08.060" level="INFO">Opening browser 'chrome' to base url 'https://www.phptravels.net/login'.</msg>
<status status="PASS" starttime="20220305 12:17:08.059" endtime="20220305 12:17:12.456"></status>
</kw>
<kw name="Maximize Browser Window" library="SeleniumLibrary">
<doc>Maximizes current browser window.</doc>
<status status="PASS" starttime="20220305 12:17:12.457" endtime="20220305 12:17:12.584"></status>
</kw>
<kw name="Input Text" library="SeleniumLibrary">
<doc>Types the given ``text`` into the text field identified by ``locator``.</doc>
<arguments>
<arg>name=email</arg>
<arg>${USRID}</arg>
</arguments>
<msg timestamp="20220305 12:17:12.585" level="INFO">Typing text 'user@phptravels.com' into text field 'name=email'.</msg>
<status status="PASS" starttime="20220305 12:17:12.585" endtime="20220305 12:17:12.692"></status>
</kw>
<kw name="Input Password" library="SeleniumLibrary">
<doc>Types the given password into the text field identified by ``locator``.</doc>
<arguments>
<arg>name=password</arg>
<arg>${PWD}</arg>
</arguments>
<msg timestamp="20220305 12:17:12.693" level="INFO">Typing password into text field 'name=password'.</msg>
<msg timestamp="20220305 12:17:12.730" level="INFO">Temporally setting log level to: NONE</msg>
<msg timestamp="20220305 12:17:12.769" level="INFO">Log level changed from NONE to INFO.</msg>
<status status="PASS" starttime="20220305 12:17:12.692" endtime="20220305 12:17:12.769"></status>
</kw>
<kw name="Sleep" library="BuiltIn">
<doc>Pauses the test executed for the given time.</doc>
<arguments>
<arg>5</arg>
</arguments>
<msg timestamp="20220305 12:17:17.778" level="INFO">Slept 5 seconds</msg>
<status status="PASS" starttime="20220305 12:17:12.769" endtime="20220305 12:17:17.778"></status>
</kw>
<kw name="Click Button" library="SeleniumLibrary">
<doc>Clicks the button identified by ``locator``.</doc>
<arguments>
<arg>/html/body/div[1]/div/div[2]/div[2]/div/form/div[3]/button</arg>
</arguments>
<msg timestamp="20220305 12:17:17.779" level="INFO">Clicking button '/html/body/div[1]/div/div[2]/div[2]/div/form/div[3]/button'.</msg>
<msg timestamp="20220305 12:17:17.941" level="INFO" html="yes">&lt;/td&gt;&lt;/tr&gt;&lt;tr&gt;&lt;td colspan="3"&gt;&lt;a href="selenium-screenshot-9.png"&gt;&lt;img src="selenium-screenshot-9.png" width="800px"&gt;&lt;/a&gt;</msg>
<msg timestamp="20220305 12:17:17.943" level="FAIL">Button with locator '/html/body/div[1]/div/div[2]/div[2]/div/form/div[3]/button' not found.</msg>
<status status="FAIL" starttime="20220305 12:17:17.779" endtime="20220305 12:17:17.943"></status>
</kw>
<status status="FAIL" starttime="20220305 12:17:08.059" endtime="20220305 12:17:17.944"></status>
</kw>
<status status="FAIL" starttime="20220305 12:17:08.058" endtime="20220305 12:17:17.944" critical="yes">Button with locator '/html/body/div[1]/div/div[2]/div[2]/div/form/div[3]/button' not found.</status>
</test>
<status status="FAIL" starttime="20220305 12:17:07.887" endtime="20220305 12:17:17.944"></status>
</suite>
<status status="FAIL" starttime="20220305 12:17:07.885" endtime="20220305 12:17:17.946"></status>
</suite>
<status status="FAIL" starttime="20220305 12:17:07.861" endtime="20220305 12:17:17.947"></status>
</suite>
<statistics>
<total>
<stat pass="0" fail="1">Critical Tests</stat>
<stat pass="0" fail="1">All Tests</stat>
</total>
<tag>
</tag>
<suite>
<stat pass="0" fail="1" id="s1" name="RF Project 2">RF Project 2</stat>
<stat pass="0" fail="1" id="s1-s1" name="Test Suite">RF Project 2.Test Suite</stat>
<stat pass="0" fail="1" id="s1-s1-s1" name="PHPTravel">RF Project 2.Test Suite.PHPTravel</stat>
</suite>
</statistics>
<errors>
</errors>
</robot>
