<?xml version="1.0" encoding="UTF-8"?>
<robot generator="Robot 3.2.2 (Python 3.9.7 on win32)" generated="20220304 21:21:10.788" rpa="false">
<suite id="s1" name="RF Project 1" source="C:\Users\nachi\Documents\Workspace_RF\RF_Project_1">
<suite id="s1-s1" name="Test" source="C:\Users\nachi\Documents\Workspace_RF\RF_Project_1\Test">
<suite id="s1-s1-s1" name="TestSuite 1" source="C:\Users\nachi\Documents\Workspace_RF\RF_Project_1\Test\TestSuite_1.robot">
<kw name="Log" library="BuiltIn" type="setup">
<doc>Logs the given message with the given level.</doc>
<arguments>
<arg>I am inside the Test Suite Setup</arg>
</arguments>
<msg timestamp="20220304 21:21:11.351" level="INFO">I am inside the Test Suite Setup</msg>
<status status="PASS" starttime="20220304 21:21:11.350" endtime="20220304 21:21:11.351"></status>
</kw>
<test id="s1-s1-s1-t1" name="TC_002_SeleniumTest">
<kw name="Log" library="BuiltIn" type="setup">
<doc>Logs the given message with the given level.</doc>
<arguments>
<arg>I am inside the Test Setup</arg>
</arguments>
<msg timestamp="20220304 21:21:11.355" level="INFO">I am inside the Test Setup</msg>
<status status="PASS" starttime="20220304 21:21:11.354" endtime="20220304 21:21:11.356"></status>
</kw>
<kw name="Open Browser" library="SeleniumLibrary">
<doc>Opens a new browser instance to the optional ``url``.</doc>
<arguments>
<arg>https://google.com</arg>
<arg>chrome</arg>
</arguments>
<msg timestamp="20220304 21:21:11.357" level="INFO">Opening browser 'chrome' to base url 'https://google.com'.</msg>
<status status="PASS" starttime="20220304 21:21:11.356" endtime="20220304 21:21:14.287"></status>
</kw>
<kw name="Set Browser Implicit Wait" library="SeleniumLibrary">
<doc>Sets the implicit wait value used by Selenium.</doc>
<arguments>
<arg>5</arg>
</arguments>
<status status="PASS" starttime="20220304 21:21:14.288" endtime="20220304 21:21:14.294"></status>
</kw>
<kw name="Input Text" library="SeleniumLibrary">
<doc>Types the given ``text`` into the text field identified by ``locator``.</doc>
<arguments>
<arg>name=q</arg>
<arg>robotframework</arg>
</arguments>
<msg timestamp="20220304 21:21:14.295" level="INFO">Typing text 'robotframework' into text field 'name=q'.</msg>
<status status="PASS" starttime="20220304 21:21:14.294" endtime="20220304 21:21:14.462"></status>
</kw>
<kw name="Click Button" library="SeleniumLibrary">
<doc>Clicks the button identified by ``locator``.</doc>
<arguments>
<arg>name=btnK</arg>
</arguments>
<msg timestamp="20220304 21:21:14.463" level="INFO">Clicking button 'name=btnK'.</msg>
<status status="PASS" starttime="20220304 21:21:14.463" endtime="20220304 21:21:16.250"></status>
</kw>
<kw name="Set Browser Implicit Wait" library="SeleniumLibrary">
<doc>Sets the implicit wait value used by Selenium.</doc>
<arguments>
<arg>5</arg>
</arguments>
<status status="PASS" starttime="20220304 21:21:16.251" endtime="20220304 21:21:16.253"></status>
</kw>
<kw name="Close Browser" library="SeleniumLibrary">
<doc>Closes the current browser.</doc>
<status status="PASS" starttime="20220304 21:21:16.254" endtime="20220304 21:21:18.440"></status>
</kw>
<kw name="Log" library="BuiltIn">
<doc>Logs the given message with the given level.</doc>
<arguments>
<arg>Test Completed</arg>
</arguments>
<msg timestamp="20220304 21:21:18.443" level="INFO">Test Completed</msg>
<status status="PASS" starttime="20220304 21:21:18.441" endtime="20220304 21:21:18.444"></status>
</kw>
<kw name="Log" library="BuiltIn" type="teardown">
<doc>Logs the given message with the given level.</doc>
<arguments>
<arg>I am outside the Test Testdown</arg>
</arguments>
<msg timestamp="20220304 21:21:18.445" level="INFO">I am outside the Test Testdown</msg>
<status status="PASS" starttime="20220304 21:21:18.445" endtime="20220304 21:21:18.446"></status>
</kw>
<status status="PASS" starttime="20220304 21:21:11.352" endtime="20220304 21:21:18.446" critical="yes"></status>
</test>
<kw name="Log" library="BuiltIn" type="teardown">
<doc>Logs the given message with the given level.</doc>
<arguments>
<arg>I am inside the Test Suite Teardown</arg>
</arguments>
<msg timestamp="20220304 21:21:18.449" level="INFO">I am inside the Test Suite Teardown</msg>
<status status="PASS" starttime="20220304 21:21:18.448" endtime="20220304 21:21:18.449"></status>
</kw>
<status status="PASS" starttime="20220304 21:21:10.978" endtime="20220304 21:21:18.450"></status>
</suite>
<status status="PASS" starttime="20220304 21:21:10.969" endtime="20220304 21:21:18.453"></status>
</suite>
<status status="PASS" starttime="20220304 21:21:10.935" endtime="20220304 21:21:18.455"></status>
</suite>
<statistics>
<total>
<stat pass="1" fail="0">Critical Tests</stat>
<stat pass="1" fail="0">All Tests</stat>
</total>
<tag>
</tag>
<suite>
<stat pass="1" fail="0" id="s1" name="RF Project 1">RF Project 1</stat>
<stat pass="1" fail="0" id="s1-s1" name="Test">RF Project 1.Test</stat>
<stat pass="1" fail="0" id="s1-s1-s1" name="TestSuite 1">RF Project 1.Test.TestSuite 1</stat>
</suite>
</statistics>
<errors>
</errors>
</robot>
